0 silly input []
1 silly flags { _: [ 'bootstrap' ],
1 silly flags   'reject-cycles': false,
1 silly flags   rejectCycles: false,
1 silly flags   args: [] }
2 verbose rootPath /var/www/vcestore
3 info version 2.11.0
4 silly existsSync /var/www/vcestore/VERSION
5 silly initialize attempt
6 silly npmConfig { registry: undefined,
6 silly npmConfig   npmClient: 'yarn',
6 silly npmConfig   npmClientArgs: undefined,
6 silly npmConfig   mutex: 'network:42424' }
7 silly initialize success
8 silly execute attempt
9 info Bootstrapping 7 packages
10 info lifecycle preinstall
11 silly runScript preinstall admin-module
12 silly admin-module
13 silly runScript preinstall category-module
14 silly category-module
15 silly runScript preinstall media-module
16 silly media-module
17 silly runScript preinstall menu-module
18 silly menu-module
19 silly runScript preinstall translation-module
20 silly translation-module
21 silly runScript preinstall user-module
22 silly user-module
23 silly runScript preinstall storefront-theme
24 silly storefront-theme
25 silly hasDependencyInstalled storefront-theme rtlcss
26 silly dependencyIsSatisfied [ 'rtlcss',
26 silly dependencyIsSatisfied   '^2.4.0',
26 silly dependencyIsSatisfied   '/var/www/vcestore/Themes/Storefront/node_modules' ]
27 verbose dependencyIsSatisfied rtlcss true
28 silly hasDependencyInstalled admin-module bootstrap
29 silly dependencyIsSatisfied [ 'bootstrap',
29 silly dependencyIsSatisfied   '^3.3.7',
29 silly dependencyIsSatisfied   '/var/www/vcestore/Modules/Admin/node_modules' ]
30 verbose dependencyIsSatisfied bootstrap true
31 silly hasDependencyInstalled storefront-theme bootstrap
32 silly dependencyIsSatisfied [ 'bootstrap',
32 silly dependencyIsSatisfied   '^4.3.1',
32 silly dependencyIsSatisfied   '/var/www/vcestore/Themes/Storefront/node_modules' ]
33 verbose dependencyIsSatisfied bootstrap true
34 silly hasDependencyInstalled admin-module chart.js
35 silly dependencyIsSatisfied [ 'chart.js',
35 silly dependencyIsSatisfied   '^2.7.3',
35 silly dependencyIsSatisfied   '/var/www/vcestore/Modules/Admin/node_modules' ]
36 verbose dependencyIsSatisfied chart.js true
37 silly hasDependencyInstalled admin-module datatables.net
38 silly dependencyIsSatisfied [ 'datatables.net',
38 silly dependencyIsSatisfied   '^1.10.15',
38 silly dependencyIsSatisfied   '/var/www/vcestore/Modules/Admin/node_modules' ]
39 verbose dependencyIsSatisfied datatables.net true
40 silly hasDependencyInstalled admin-module datatables.net-bs
41 silly dependencyIsSatisfied [ 'datatables.net-bs',
41 silly dependencyIsSatisfied   '^1.10.15',
41 silly dependencyIsSatisfied   '/var/www/vcestore/Modules/Admin/node_modules' ]
42 verbose dependencyIsSatisfied datatables.net-bs true
43 silly hasDependencyInstalled admin-module flatpickr
44 silly dependencyIsSatisfied [ 'flatpickr',
44 silly dependencyIsSatisfied   '^3.0.6',
44 silly dependencyIsSatisfied   '/var/www/vcestore/Modules/Admin/node_modules' ]
45 verbose dependencyIsSatisfied flatpickr true
46 silly hasDependencyInstalled storefront-theme flatpickr
47 silly dependencyIsSatisfied [ 'flatpickr',
47 silly dependencyIsSatisfied   '^4.6.3',
47 silly dependencyIsSatisfied   '/var/www/vcestore/Themes/Storefront/node_modules' ]
48 verbose dependencyIsSatisfied flatpickr true
49 silly hasDependencyInstalled admin-module font-awesome
50 silly dependencyIsSatisfied [ 'font-awesome',
50 silly dependencyIsSatisfied   '^4.7.0',
50 silly dependencyIsSatisfied   '/var/www/vcestore/Modules/Admin/node_modules' ]
51 verbose dependencyIsSatisfied font-awesome true
52 silly hasDependencyInstalled admin-module jquery
53 silly dependencyIsSatisfied [ 'jquery',
53 silly dependencyIsSatisfied   '^3.2.1',
53 silly dependencyIsSatisfied   '/var/www/vcestore/Modules/Admin/node_modules' ]
54 verbose dependencyIsSatisfied jquery true
55 silly hasDependencyInstalled storefront-theme jquery
56 silly dependencyIsSatisfied [ 'jquery',
56 silly dependencyIsSatisfied   '^3.4.1',
56 silly dependencyIsSatisfied   '/var/www/vcestore/Themes/Storefront/node_modules' ]
57 verbose dependencyIsSatisfied jquery true
58 silly hasDependencyInstalled admin-module jquery-slimscroll
59 silly dependencyIsSatisfied [ 'jquery-slimscroll',
59 silly dependencyIsSatisfied   '^1.3.8',
59 silly dependencyIsSatisfied   '/var/www/vcestore/Modules/Admin/node_modules' ]
60 verbose dependencyIsSatisfied jquery-slimscroll true
61 silly hasDependencyInstalled admin-module lodash
62 silly dependencyIsSatisfied [ 'lodash',
62 silly dependencyIsSatisfied   '^4.17.4',
62 silly dependencyIsSatisfied   '/var/www/vcestore/Modules/Admin/node_modules' ]
63 verbose dependencyIsSatisfied lodash true
64 silly hasDependencyInstalled admin-module mousetrap
65 silly dependencyIsSatisfied [ 'mousetrap',
65 silly dependencyIsSatisfied   '^1.6.1',
65 silly dependencyIsSatisfied   '/var/www/vcestore/Modules/Admin/node_modules' ]
66 verbose dependencyIsSatisfied mousetrap true
67 silly hasDependencyInstalled admin-module nprogress
68 silly dependencyIsSatisfied [ 'nprogress',
68 silly dependencyIsSatisfied   '^0.2.0',
68 silly dependencyIsSatisfied   '/var/www/vcestore/Modules/Admin/node_modules' ]
69 verbose dependencyIsSatisfied nprogress true
70 silly hasDependencyInstalled admin-module selectize
71 silly dependencyIsSatisfied [ 'selectize',
71 silly dependencyIsSatisfied   '^0.12.6',
71 silly dependencyIsSatisfied   '/var/www/vcestore/Modules/Admin/node_modules' ]
72 verbose dependencyIsSatisfied selectize true
73 silly hasDependencyInstalled admin-module sortablejs
74 silly dependencyIsSatisfied [ 'sortablejs',
74 silly dependencyIsSatisfied   'https://github.com/RubaXa/Sortable',
74 silly dependencyIsSatisfied   '/var/www/vcestore/Modules/Admin/node_modules' ]
75 verbose dependencyIsSatisfied sortablejs false
76 silly hasDependencyInstalled admin-module tinymce
77 silly dependencyIsSatisfied [ 'tinymce',
77 silly dependencyIsSatisfied   '^5.2.2',
77 silly dependencyIsSatisfied   '/var/www/vcestore/Modules/Admin/node_modules' ]
78 verbose dependencyIsSatisfied tinymce true
79 silly hasDependencyInstalled category-module jstree
80 silly dependencyIsSatisfied [ 'jstree',
80 silly dependencyIsSatisfied   '^3.3.9',
80 silly dependencyIsSatisfied   '/var/www/vcestore/Modules/Category/node_modules' ]
81 verbose dependencyIsSatisfied jstree false
82 silly hasDependencyInstalled media-module dropzone
83 silly dependencyIsSatisfied [ 'dropzone',
83 silly dependencyIsSatisfied   '^5.4.0',
83 silly dependencyIsSatisfied   '/var/www/vcestore/Modules/Media/node_modules' ]
84 verbose dependencyIsSatisfied dropzone true
85 silly hasDependencyInstalled menu-module nestable2
86 silly dependencyIsSatisfied [ 'nestable2',
86 silly dependencyIsSatisfied   '^1.6.0',
86 silly dependencyIsSatisfied   '/var/www/vcestore/Modules/Menu/node_modules' ]
87 verbose dependencyIsSatisfied nestable2 true
88 silly hasDependencyInstalled translation-module x-editable
89 silly dependencyIsSatisfied [ 'x-editable',
89 silly dependencyIsSatisfied   '^1.5.1',
89 silly dependencyIsSatisfied   '/var/www/vcestore/Modules/Translation/node_modules' ]
90 verbose dependencyIsSatisfied x-editable true
91 silly hasDependencyInstalled storefront-theme animate.css
92 silly dependencyIsSatisfied [ 'animate.css',
92 silly dependencyIsSatisfied   '^3.7.2',
92 silly dependencyIsSatisfied   '/var/www/vcestore/Themes/Storefront/node_modules' ]
93 verbose dependencyIsSatisfied animate.css true
94 silly hasDependencyInstalled storefront-theme jquery-nice-select
95 silly dependencyIsSatisfied [ 'jquery-nice-select',
95 silly dependencyIsSatisfied   '^1.1.0',
95 silly dependencyIsSatisfied   '/var/www/vcestore/Themes/Storefront/node_modules' ]
96 verbose dependencyIsSatisfied jquery-nice-select true
97 silly hasDependencyInstalled storefront-theme jquery-zoom
98 silly dependencyIsSatisfied [ 'jquery-zoom',
98 silly dependencyIsSatisfied   '^1.7.21',
98 silly dependencyIsSatisfied   '/var/www/vcestore/Themes/Storefront/node_modules' ]
99 verbose dependencyIsSatisfied jquery-zoom true
100 silly hasDependencyInstalled storefront-theme kbw-countdown
101 silly dependencyIsSatisfied [ 'kbw-countdown',
101 silly dependencyIsSatisfied   'https://github.com/kbwood/countdown.git',
101 silly dependencyIsSatisfied   '/var/www/vcestore/Themes/Storefront/node_modules' ]
102 verbose dependencyIsSatisfied kbw-countdown false
103 silly hasDependencyInstalled storefront-theme line-awesome
104 silly dependencyIsSatisfied [ 'line-awesome',
104 silly dependencyIsSatisfied   '^1.3.0',
104 silly dependencyIsSatisfied   '/var/www/vcestore/Themes/Storefront/node_modules' ]
105 verbose dependencyIsSatisfied line-awesome true
106 silly hasDependencyInstalled storefront-theme nouislider
107 silly dependencyIsSatisfied [ 'nouislider',
107 silly dependencyIsSatisfied   '^14.1.1',
107 silly dependencyIsSatisfied   '/var/www/vcestore/Themes/Storefront/node_modules' ]
108 verbose dependencyIsSatisfied nouislider true
109 silly hasDependencyInstalled storefront-theme popper.js
110 silly dependencyIsSatisfied [ 'popper.js',
110 silly dependencyIsSatisfied   '^1.15.0',
110 silly dependencyIsSatisfied   '/var/www/vcestore/Themes/Storefront/node_modules' ]
111 verbose dependencyIsSatisfied popper.js true
112 silly hasDependencyInstalled storefront-theme slick-carousel
113 silly dependencyIsSatisfied [ 'slick-carousel',
113 silly dependencyIsSatisfied   '^1.8.1',
113 silly dependencyIsSatisfied   '/var/www/vcestore/Themes/Storefront/node_modules' ]
114 verbose dependencyIsSatisfied slick-carousel true
115 silly hasDependencyInstalled storefront-theme slick-lightbox
116 silly dependencyIsSatisfied [ 'slick-lightbox',
116 silly dependencyIsSatisfied   '^0.2.12',
116 silly dependencyIsSatisfied   '/var/www/vcestore/Themes/Storefront/node_modules' ]
117 verbose dependencyIsSatisfied slick-lightbox true
118 silly hasDependencyInstalled storefront-theme v-click-outside
119 silly dependencyIsSatisfied [ 'v-click-outside',
119 silly dependencyIsSatisfied   '^3.0.1',
119 silly dependencyIsSatisfied   '/var/www/vcestore/Themes/Storefront/node_modules' ]
120 verbose dependencyIsSatisfied v-click-outside true
121 silly hasDependencyInstalled storefront-theme vue
122 silly dependencyIsSatisfied [ 'vue',
122 silly dependencyIsSatisfied   '^2.6.11',
122 silly dependencyIsSatisfied   '/var/www/vcestore/Themes/Storefront/node_modules' ]
123 verbose dependencyIsSatisfied vue true
124 silly hasDependencyInstalled storefront-theme vue-toast-notification
125 silly dependencyIsSatisfied [ 'vue-toast-notification',
125 silly dependencyIsSatisfied   '^0.0.3',
125 silly dependencyIsSatisfied   '/var/www/vcestore/Themes/Storefront/node_modules' ]
126 verbose dependencyIsSatisfied vue-toast-notification true
127 silly root dependencies []
128 silly leaf dependencies {
128 silly leaf dependencies   "storefront-theme": [
128 silly leaf dependencies     {
128 silly leaf dependencies       "dependency": "rtlcss@^2.4.0",
128 silly leaf dependencies       "isSatisfied": true
128 silly leaf dependencies     },
128 silly leaf dependencies     {
128 silly leaf dependencies       "dependency": "bootstrap@^4.3.1",
128 silly leaf dependencies       "isSatisfied": true
128 silly leaf dependencies     },
128 silly leaf dependencies     {
128 silly leaf dependencies       "dependency": "flatpickr@^4.6.3",
128 silly leaf dependencies       "isSatisfied": true
128 silly leaf dependencies     },
128 silly leaf dependencies     {
128 silly leaf dependencies       "dependency": "jquery@^3.4.1",
128 silly leaf dependencies       "isSatisfied": true
128 silly leaf dependencies     },
128 silly leaf dependencies     {
128 silly leaf dependencies       "dependency": "animate.css@^3.7.2",
128 silly leaf dependencies       "isSatisfied": true
128 silly leaf dependencies     },
128 silly leaf dependencies     {
128 silly leaf dependencies       "dependency": "jquery-nice-select@^1.1.0",
128 silly leaf dependencies       "isSatisfied": true
128 silly leaf dependencies     },
128 silly leaf dependencies     {
128 silly leaf dependencies       "dependency": "jquery-zoom@^1.7.21",
128 silly leaf dependencies       "isSatisfied": true
128 silly leaf dependencies     },
128 silly leaf dependencies     {
128 silly leaf dependencies       "dependency": "kbw-countdown@https://github.com/kbwood/countdown.git",
128 silly leaf dependencies       "isSatisfied": false
128 silly leaf dependencies     },
128 silly leaf dependencies     {
128 silly leaf dependencies       "dependency": "line-awesome@^1.3.0",
128 silly leaf dependencies       "isSatisfied": true
128 silly leaf dependencies     },
128 silly leaf dependencies     {
128 silly leaf dependencies       "dependency": "nouislider@^14.1.1",
128 silly leaf dependencies       "isSatisfied": true
128 silly leaf dependencies     },
128 silly leaf dependencies     {
128 silly leaf dependencies       "dependency": "popper.js@^1.15.0",
128 silly leaf dependencies       "isSatisfied": true
128 silly leaf dependencies     },
128 silly leaf dependencies     {
128 silly leaf dependencies       "dependency": "slick-carousel@^1.8.1",
128 silly leaf dependencies       "isSatisfied": true
128 silly leaf dependencies     },
128 silly leaf dependencies     {
128 silly leaf dependencies       "dependency": "slick-lightbox@^0.2.12",
128 silly leaf dependencies       "isSatisfied": true
128 silly leaf dependencies     },
128 silly leaf dependencies     {
128 silly leaf dependencies       "dependency": "v-click-outside@^3.0.1",
128 silly leaf dependencies       "isSatisfied": true
128 silly leaf dependencies     },
128 silly leaf dependencies     {
128 silly leaf dependencies       "dependency": "vue@^2.6.11",
128 silly leaf dependencies       "isSatisfied": true
128 silly leaf dependencies     },
128 silly leaf dependencies     {
128 silly leaf dependencies       "dependency": "vue-toast-notification@^0.0.3",
128 silly leaf dependencies       "isSatisfied": true
128 silly leaf dependencies     }
128 silly leaf dependencies   ],
128 silly leaf dependencies   "admin-module": [
128 silly leaf dependencies     {
128 silly leaf dependencies       "dependency": "bootstrap@^3.3.7",
128 silly leaf dependencies       "isSatisfied": true
128 silly leaf dependencies     },
128 silly leaf dependencies     {
128 silly leaf dependencies       "dependency": "chart.js@^2.7.3",
128 silly leaf dependencies       "isSatisfied": true
128 silly leaf dependencies     },
128 silly leaf dependencies     {
128 silly leaf dependencies       "dependency": "datatables.net@^1.10.15",
128 silly leaf dependencies       "isSatisfied": true
128 silly leaf dependencies     },
128 silly leaf dependencies     {
128 silly leaf dependencies       "dependency": "datatables.net-bs@^1.10.15",
128 silly leaf dependencies       "isSatisfied": true
128 silly leaf dependencies     },
128 silly leaf dependencies     {
128 silly leaf dependencies       "dependency": "flatpickr@^3.0.6",
128 silly leaf dependencies       "isSatisfied": true
128 silly leaf dependencies     },
128 silly leaf dependencies     {
128 silly leaf dependencies       "dependency": "font-awesome@^4.7.0",
128 silly leaf dependencies       "isSatisfied": true
128 silly leaf dependencies     },
128 silly leaf dependencies     {
128 silly leaf dependencies       "dependency": "jquery@^3.2.1",
128 silly leaf dependencies       "isSatisfied": true
128 silly leaf dependencies     },
128 silly leaf dependencies     {
128 silly leaf dependencies       "dependency": "jquery-slimscroll@^1.3.8",
128 silly leaf dependencies       "isSatisfied": true
128 silly leaf dependencies     },
128 silly leaf dependencies     {
128 silly leaf dependencies       "dependency": "lodash@^4.17.4",
128 silly leaf dependencies       "isSatisfied": true
128 silly leaf dependencies     },
128 silly leaf dependencies     {
128 silly leaf dependencies       "dependency": "mousetrap@^1.6.1",
128 silly leaf dependencies       "isSatisfied": true
128 silly leaf dependencies     },
128 silly leaf dependencies     {
128 silly leaf dependencies       "dependency": "nprogress@^0.2.0",
128 silly leaf dependencies       "isSatisfied": true
128 silly leaf dependencies     },
128 silly leaf dependencies     {
128 silly leaf dependencies       "dependency": "selectize@^0.12.6",
128 silly leaf dependencies       "isSatisfied": true
128 silly leaf dependencies     },
128 silly leaf dependencies     {
128 silly leaf dependencies       "dependency": "sortablejs@https://github.com/RubaXa/Sortable",
128 silly leaf dependencies       "isSatisfied": false
128 silly leaf dependencies     },
128 silly leaf dependencies     {
128 silly leaf dependencies       "dependency": "tinymce@^5.2.2",
128 silly leaf dependencies       "isSatisfied": true
128 silly leaf dependencies     }
128 silly leaf dependencies   ],
128 silly leaf dependencies   "category-module": [
128 silly leaf dependencies     {
128 silly leaf dependencies       "dependency": "jstree@^3.3.9",
128 silly leaf dependencies       "isSatisfied": false
128 silly leaf dependencies     }
128 silly leaf dependencies   ],
128 silly leaf dependencies   "media-module": [
128 silly leaf dependencies     {
128 silly leaf dependencies       "dependency": "dropzone@^5.4.0",
128 silly leaf dependencies       "isSatisfied": true
128 silly leaf dependencies     }
128 silly leaf dependencies   ],
128 silly leaf dependencies   "menu-module": [
128 silly leaf dependencies     {
128 silly leaf dependencies       "dependency": "nestable2@^1.6.0",
128 silly leaf dependencies       "isSatisfied": true
128 silly leaf dependencies     }
128 silly leaf dependencies   ],
128 silly leaf dependencies   "translation-module": [
128 silly leaf dependencies     {
128 silly leaf dependencies       "dependency": "x-editable@^1.5.1",
128 silly leaf dependencies       "isSatisfied": true
128 silly leaf dependencies     }
128 silly leaf dependencies   ]
128 silly leaf dependencies }
129 info Installing external dependencies
130 verbose actions 3 actions, concurrency 4
131 silly installInDir Storefront [ 'rtlcss@^2.4.0',
131 silly installInDir   'bootstrap@^4.3.1',
131 silly installInDir   'flatpickr@^4.6.3',
131 silly installInDir   'jquery@^3.4.1',
131 silly installInDir   'animate.css@^3.7.2',
131 silly installInDir   'jquery-nice-select@^1.1.0',
131 silly installInDir   'jquery-zoom@^1.7.21',
131 silly installInDir   'kbw-countdown@https://github.com/kbwood/countdown.git',
131 silly installInDir   'line-awesome@^1.3.0',
131 silly installInDir   'nouislider@^14.1.1',
131 silly installInDir   'popper.js@^1.15.0',
131 silly installInDir   'slick-carousel@^1.8.1',
131 silly installInDir   'slick-lightbox@^0.2.12',
131 silly installInDir   'v-click-outside@^3.0.1',
131 silly installInDir   'vue@^2.6.11',
131 silly installInDir   'vue-toast-notification@^0.0.3' ]
132 silly installInDir backup /var/www/vcestore/Themes/Storefront/package.json
133 silly rename [ '/var/www/vcestore/Themes/Storefront/package.json',
133 silly rename   '/var/www/vcestore/Themes/Storefront/package.json.lerna_backup' ]
134 silly installInDir Admin [ 'bootstrap@^3.3.7',
134 silly installInDir   'chart.js@^2.7.3',
134 silly installInDir   'datatables.net@^1.10.15',
134 silly installInDir   'datatables.net-bs@^1.10.15',
134 silly installInDir   'flatpickr@^3.0.6',
134 silly installInDir   'font-awesome@^4.7.0',
134 silly installInDir   'jquery@^3.2.1',
134 silly installInDir   'jquery-slimscroll@^1.3.8',
134 silly installInDir   'lodash@^4.17.4',
134 silly installInDir   'mousetrap@^1.6.1',
134 silly installInDir   'nprogress@^0.2.0',
134 silly installInDir   'selectize@^0.12.6',
134 silly installInDir   'sortablejs@https://github.com/RubaXa/Sortable',
134 silly installInDir   'tinymce@^5.2.2' ]
135 silly installInDir backup /var/www/vcestore/Modules/Admin/package.json
136 silly rename [ '/var/www/vcestore/Modules/Admin/package.json',
136 silly rename   '/var/www/vcestore/Modules/Admin/package.json.lerna_backup' ]
137 silly installInDir Category [ 'jstree@^3.3.9' ]
138 silly installInDir backup /var/www/vcestore/Modules/Category/package.json
139 silly rename [ '/var/www/vcestore/Modules/Category/package.json',
139 silly rename   '/var/www/vcestore/Modules/Category/package.json.lerna_backup' ]
140 silly installInDir writing tempJson { dependencies:
140 silly installInDir    { rtlcss: '^2.4.0',
140 silly installInDir      bootstrap: '^4.3.1',
140 silly installInDir      flatpickr: '^4.6.3',
140 silly installInDir      jquery: '^3.4.1',
140 silly installInDir      'animate.css': '^3.7.2',
140 silly installInDir      'jquery-nice-select': '^1.1.0',
140 silly installInDir      'jquery-zoom': '^1.7.21',
140 silly installInDir      'kbw-countdown': 'https://github.com/kbwood/countdown.git',
140 silly installInDir      'line-awesome': '^1.3.0',
140 silly installInDir      nouislider: '^14.1.1',
140 silly installInDir      'popper.js': '^1.15.0',
140 silly installInDir      'slick-carousel': '^1.8.1',
140 silly installInDir      'slick-lightbox': '^0.2.12',
140 silly installInDir      'v-click-outside': '^3.0.1',
140 silly installInDir      vue: '^2.6.11',
140 silly installInDir      'vue-toast-notification': '^0.0.3' } }
141 silly installInDir writing tempJson { dependencies:
141 silly installInDir    { bootstrap: '^3.3.7',
141 silly installInDir      'chart.js': '^2.7.3',
141 silly installInDir      'datatables.net': '^1.10.15',
141 silly installInDir      'datatables.net-bs': '^1.10.15',
141 silly installInDir      flatpickr: '^3.0.6',
141 silly installInDir      'font-awesome': '^4.7.0',
141 silly installInDir      jquery: '^3.2.1',
141 silly installInDir      'jquery-slimscroll': '^1.3.8',
141 silly installInDir      lodash: '^4.17.4',
141 silly installInDir      mousetrap: '^1.6.1',
141 silly installInDir      nprogress: '^0.2.0',
141 silly installInDir      selectize: '^0.12.6',
141 silly installInDir      sortablejs: 'https://github.com/RubaXa/Sortable',
141 silly installInDir      tinymce: '^5.2.2' } }
142 silly installInDir writing tempJson { dependencies: { jstree: '^3.3.9' } }
143 silly getExecOpts { cwd: '/var/www/vcestore/Themes/Storefront' }
144 silly installInDir [ 'yarn',
144 silly installInDir   [ 'install', '--mutex', 'network:42424', '--non-interactive' ] ]
145 silly getExecOpts { cwd: '/var/www/vcestore/Modules/Category' }
146 silly installInDir [ 'yarn',
146 silly installInDir   [ 'install', '--mutex', 'network:42424', '--non-interactive' ] ]
147 silly getExecOpts { cwd: '/var/www/vcestore/Modules/Admin' }
148 silly installInDir [ 'yarn',
148 silly installInDir   [ 'install', '--mutex', 'network:42424', '--non-interactive' ] ]
149 silly installInDir cleanup /var/www/vcestore/Themes/Storefront/package.json
150 silly renameSync [ '/var/www/vcestore/Themes/Storefront/package.json.lerna_backup',
150 silly renameSync   '/var/www/vcestore/Themes/Storefront/package.json' ]
151 verbose installed leaf storefront-theme
152 error execute callback with error
153 error Error: spawn yarn ENOENT
153 error     at Process.ChildProcess._handle.onexit (internal/child_process.js:240:19)
153 error     at onErrorNT (internal/child_process.js:415:16)
